<?xml version="1.0" encoding="UTF-8" ?>
<testsuite errors="0" failures="0" hostname="ADMINIB-0A4FGP8" name="com.ibm.chat.server.ServerTest" skipped="0" tests="3" time="0.283" timestamp="2015-06-17T07:11:14">
  <properties>
    <property name="java.vendor" value="Oracle Corporation" />
    <property name="sun.java.launcher" value="SUN_STANDARD" />
    <property name="sun.management.compiler" value="HotSpot 64-Bit Tiered Compilers" />
    <property name="os.name" value="Windows 7" />
    <property name="sun.boot.class.path" value="C:\Program Files\Java\jdk1.7.0_67\jre\lib\resources.jar;C:\Program Files\Java\jdk1.7.0_67\jre\lib\rt.jar;C:\Program Files\Java\jdk1.7.0_67\jre\lib\sunrsasign.jar;C:\Program Files\Java\jdk1.7.0_67\jre\lib\jsse.jar;C:\Program Files\Java\jdk1.7.0_67\jre\lib\jce.jar;C:\Program Files\Java\jdk1.7.0_67\jre\lib\charsets.jar;C:\Program Files\Java\jdk1.7.0_67\jre\lib\jfr.jar;C:\Program Files\Java\jdk1.7.0_67\jre\classes" />
    <property name="sun.desktop" value="windows" />
    <property name="java.vm.specification.vendor" value="Oracle Corporation" />
    <property name="ant.home" value="C:\software\Downloads\apacheant195" />
    <property name="java.runtime.version" value="1.7.0_67-b01" />
    <property name="user.name" value="Chandan" />
    <property name="user.language" value="en" />
    <property name="sun.boot.library.path" value="C:\Program Files\Java\jdk1.7.0_67\jre\bin" />
    <property name="ant.project.default-target" value="main" />
    <property name="ant.project.name" value="ChatServer" />
    <property name="java.version" value="1.7.0_67" />
    <property name="user.timezone" value="" />
    <property name="sun.arch.data.model" value="64" />
    <property name="java.endorsed.dirs" value="C:\Program Files\Java\jdk1.7.0_67\jre\lib\endorsed" />
    <property name="sun.cpu.isalist" value="amd64" />
    <property name="sun.jnu.encoding" value="Cp1252" />
    <property name="file.encoding.pkg" value="sun.io" />
    <property name="deployDir" value="deploy" />
    <property name="file.separator" value="\" />
    <property name="java.specification.name" value="Java Platform API Specification" />
    <property name="java.class.version" value="51.0" />
    <property name="user.country" value="US" />
    <property name="ant.file.type.ChatServer" value="file" />
    <property name="java.home" value="C:\Program Files\Java\jdk1.7.0_67\jre" />
    <property name="java.vm.info" value="mixed mode" />
    <property name="ant.file" value="C:\Users\IBM_ADMIN\Documents\GitHub\chat-application\ChatServer\build.xml" />
    <property name="os.version" value="6.1" />
    <property name="path.separator" value=";" />
    <property name="java.vm.version" value="24.65-b04" />
    <property name="ant.file.ChatServer" value="C:\Users\IBM_ADMIN\Documents\GitHub\chat-application\ChatServer\build.xml" />
    <property name="user.variant" value="" />
    <property name="ant.library.dir" value="C:\software\Downloads\apacheant195\lib" />
    <property name="java.awt.printerjob" value="sun.awt.windows.WPrinterJob" />
    <property name="sun.io.unicode.encoding" value="UnicodeLittle" />
    <property name="testreportDir" value="C:\Users\IBM_ADMIN\Documents\GitHub\chat-application\ChatServer\testreport" />
    <property name="awt.toolkit" value="sun.awt.windows.WToolkit" />
    <property name="user.script" value="" />
    <property name="outputDir" value="bin" />
    <property name="user.home" value="C:\Users\IBM_ADMIN" />
    <property name="java.specification.vendor" value="Oracle Corporation" />
    <property name="java.library.path" value="C:\Program Files\Java\jdk1.7.0_67\jre\bin;C:\windows\Sun\Java\bin;C:\windows\system32;C:\windows;C:\software\Downloads\apacheant195\bin;C:\Program Files\Java\jdk1.7.0_67\bin;." />
    <property name="java.vendor.url" value="http://java.oracle.com/" />
    <property name="testDir" value="C:\Users\IBM_ADMIN\Documents\GitHub\chat-application\ChatServer\test" />
    <property name="java.vm.vendor" value="Oracle Corporation" />
    <property name="java.runtime.name" value="Java(TM) SE Runtime Environment" />
    <property name="sun.java.command" value="org.apache.tools.ant.taskdefs.optional.junit.JUnitTestRunner com.ibm.chat.server.ServerTest skipNonTests=false filtertrace=true haltOnError=false haltOnFailure=true formatter=org.apache.tools.ant.taskdefs.optional.junit.SummaryJUnitResultFormatter showoutput=false outputtoformatters=true logfailedtests=true threadid=0 logtestlistenerevents=false formatter=org.apache.tools.ant.taskdefs.optional.junit.XMLJUnitResultFormatter,C:\Users\IBM_ADMIN\Documents\GitHub\chat-application\ChatServer\testreport\TEST-com.ibm.chat.server.ServerTest.xml crashfile=C:\Users\IBM_ADMIN\Documents\GitHub\chat-application\ChatServer\junitvmwatcher1199360777814842137.properties propsfile=C:\Users\IBM_ADMIN\Documents\GitHub\chat-application\ChatServer\junit5481188030282075796.properties" />
    <property name="java.class.path" value="C:\Users\IBM_ADMIN\Documents\GitHub\chat-application\ChatServer\lib\junit.jar;C:\Users\IBM_ADMIN\Documents\GitHub\chat-application\ChatServer\lib\org.hamcrest.core_1.3.0.v201303031735.jar;C:\Users\IBM_ADMIN\Documents\GitHub\chat-application\ChatServer\bin;C:\software\Downloads\apacheant195\lib\ant-launcher.jar;C:\software\Downloads\apacheant195\lib\ant.jar;C:\software\Downloads\apacheant195\lib\ant-junit.jar;C:\software\Downloads\apacheant195\lib\ant-junit4.jar" />
    <property name="ant.version" value="Apache Ant(TM) version 1.9.5 compiled on May 31 2015" />
    <property name="java.vm.specification.name" value="Java Virtual Machine Specification" />
    <property name="ant.file.type" value="file" />
    <property name="java.vm.specification.version" value="1.7" />
    <property name="sun.cpu.endian" value="little" />
    <property name="sun.os.patch.level" value="Service Pack 1" />
    <property name="java.io.tmpdir" value="C:\Users\IBM_AD~1\AppData\Local\Temp\" />
    <property name="java.vendor.url.bug" value="http://bugreport.sun.com/bugreport/" />
    <property name="sourceDir" value="src" />
    <property name="os.arch" value="amd64" />
    <property name="java.awt.graphicsenv" value="sun.awt.Win32GraphicsEnvironment" />
    <property name="java.ext.dirs" value="C:\Program Files\Java\jdk1.7.0_67\jre\lib\ext;C:\windows\Sun\Java\lib\ext" />
    <property name="user.dir" value="C:\Users\IBM_ADMIN\Documents\GitHub\chat-application\ChatServer" />
    <property name="line.separator" value="&#xd;&#xa;" />
    <property name="java.vm.name" value="Java HotSpot(TM) 64-Bit Server VM" />
    <property name="basedir" value="C:\Users\IBM_ADMIN\Documents\GitHub\chat-application\ChatServer" />
    <property name="ant.java.version" value="1.7" />
    <property name="ant.core.lib" value="C:\software\Downloads\apacheant195\lib\ant.jar" />
    <property name="file.encoding" value="Cp1252" />
    <property name="java.specification.version" value="1.7" />
    <property name="ant.project.invoked-targets" value="main" />
  </properties>
  <testcase classname="com.ibm.chat.server.ServerTest" name="testMessageSend" time="0.007" />
  <testcase classname="com.ibm.chat.server.ServerTest" name="testListFunction" time="0.004" />
  <testcase classname="com.ibm.chat.server.ServerTest" name="testUniqueNames" time="0.001" />
  <system-out><![CDATA[In Class
In Test 3
MESSAGE Peter: Hi Chandan
In Test 2
MESSAGE Contact List: Chandan; 
In Test 1
SUBMITNAME
After Class
]]></system-out>
  <system-err><![CDATA[Jun 17, 2015 12:41:14 PM com.ibm.chat.server.ChatServer$Handler run
INFO: Chandan Accepted
Jun 17, 2015 12:41:14 PM com.ibm.chat.server.ChatServer$Handler run
INFO: Peter Accepted
Jun 17, 2015 12:41:14 PM com.ibm.chat.server.ChatServer$Handler run
INFO: Peter broadcasted: Hi Chandan
Jun 17, 2015 12:41:14 PM com.ibm.chat.server.ChatServer$Handler run
INFO: Peter Logged Out ...
Jun 17, 2015 12:41:14 PM com.ibm.chat.server.ChatServer$Handler run
INFO: Rob Accepted
Jun 17, 2015 12:41:14 PM com.ibm.chat.server.ChatServer$Handler run
INFO: Rob: LIST
Jun 17, 2015 12:41:14 PM com.ibm.chat.server.ChatServer$Handler run
INFO: Rob Logged Out ...
Jun 17, 2015 12:41:14 PM com.ibm.chat.server.ChatServer$Handler run
INFO: LOGOUT Accepted
]]></system-err>
</testsuite>
